Analysis & Elaboration report for ControladorVGA
Fri Oct 11 00:05:03 2019
Quartus Prime Version 18.1.0 Build 625 09/12/2018 SJ Lite Edition


---------------------
; Table of Contents ;
---------------------
  1. Legal Notice
  2. Analysis & Elaboration Summary
  3. Parallel Compilation
  4. Parameter Settings for User Entity Instance: controladorVGA:DUT
  5. Parameter Settings for User Entity Instance: controladorVGA:DUT|counterH:cont_h
  6. Parameter Settings for User Entity Instance: controladorVGA:DUT|counterV:cont_v
  7. Parameter Settings for User Entity Instance: controladorVGA:DUT|comparatorH:comp_h
  8. Parameter Settings for User Entity Instance: controladorVGA:DUT|comparatorV:comp_v
  9. Parameter Settings for User Entity Instance: controladorVGA:DUT|comparator_display:comp_display
 10. Analysis & Elaboration Settings
 11. Port Connectivity Checks: "controladorVGA:DUT|mux_color:muxColor"
 12. Port Connectivity Checks: "controladorVGA:DUT|counterV:cont_v"
 13. Port Connectivity Checks: "controladorVGA:DUT|counterH:cont_h"
 14. Port Connectivity Checks: "controladorVGA:DUT"
 15. Analysis & Elaboration Messages



----------------
; Legal Notice ;
----------------
Copyright (C) 2018  Intel Corporation. All rights reserved.
Your use of Intel Corporation's design tools, logic functions 
and other software and tools, and its AMPP partner logic 
functions, and any output files from any of the foregoing 
(including device programming or simulation files), and any 
associated documentation or information are expressly subject 
to the terms and conditions of the Intel Program License 
Subscription Agreement, the Intel Quartus Prime License Agreement,
the Intel FPGA IP License Agreement, or other applicable license
agreement, including, without limitation, that your use is for
the sole purpose of programming logic devices manufactured by
Intel and sold by Intel or its authorized distributors.  Please
refer to the applicable agreement for further details.



+-----------------------------------------------------------------------------+
; Analysis & Elaboration Summary                                              ;
+-------------------------------+---------------------------------------------+
; Analysis & Elaboration Status ; Successful - Fri Oct 11 00:05:03 2019       ;
; Quartus Prime Version         ; 18.1.0 Build 625 09/12/2018 SJ Lite Edition ;
; Revision Name                 ; ControladorVGA                              ;
; Top-level Entity Name         ; controladorVGA_tb                           ;
; Family                        ; Cyclone V                                   ;
; Logic utilization (in ALMs)   ; N/A until Partition Merge                   ;
; Total registers               ; N/A until Partition Merge                   ;
; Total pins                    ; N/A until Partition Merge                   ;
; Total virtual pins            ; N/A until Partition Merge                   ;
; Total block memory bits       ; N/A until Partition Merge                   ;
; Total PLLs                    ; N/A until Partition Merge                   ;
; Total DLLs                    ; N/A until Partition Merge                   ;
+-------------------------------+---------------------------------------------+


+------------------------------------------+
; Parallel Compilation                     ;
+----------------------------+-------------+
; Processors                 ; Number      ;
+----------------------------+-------------+
; Number detected on machine ; 8           ;
; Maximum allowed            ; 4           ;
;                            ;             ;
; Average used               ; 1.00        ;
; Maximum used               ; 1           ;
;                            ;             ;
; Usage by Processor         ; % Time Used ;
;     Processor 1            ; 100.0%      ;
+----------------------------+-------------+


+-----------------------------------------------------------------+
; Parameter Settings for User Entity Instance: controladorVGA:DUT ;
+----------------+-------+----------------------------------------+
; Parameter Name ; Value ; Type                                   ;
+----------------+-------+----------------------------------------+
; N              ; 9     ; Signed Integer                         ;
+----------------+-------+----------------------------------------+
Note: In order to hide this table in the UI and the text report file, please set the "Show Parameter Settings in Synthesis Report" option in "Analysis and Synthesis Settings -> More Settings" to "Off".


+---------------------------------------------------------------------------------+
; Parameter Settings for User Entity Instance: controladorVGA:DUT|counterH:cont_h ;
+----------------+-------+--------------------------------------------------------+
; Parameter Name ; Value ; Type                                                   ;
+----------------+-------+--------------------------------------------------------+
; N              ; 9     ; Signed Integer                                         ;
+----------------+-------+--------------------------------------------------------+
Note: In order to hide this table in the UI and the text report file, please set the "Show Parameter Settings in Synthesis Report" option in "Analysis and Synthesis Settings -> More Settings" to "Off".


+---------------------------------------------------------------------------------+
; Parameter Settings for User Entity Instance: controladorVGA:DUT|counterV:cont_v ;
+----------------+-------+--------------------------------------------------------+
; Parameter Name ; Value ; Type                                                   ;
+----------------+-------+--------------------------------------------------------+
; N              ; 9     ; Signed Integer                                         ;
+----------------+-------+--------------------------------------------------------+
Note: In order to hide this table in the UI and the text report file, please set the "Show Parameter Settings in Synthesis Report" option in "Analysis and Synthesis Settings -> More Settings" to "Off".


+------------------------------------------------------------------------------------+
; Parameter Settings for User Entity Instance: controladorVGA:DUT|comparatorH:comp_h ;
+----------------+-------+-----------------------------------------------------------+
; Parameter Name ; Value ; Type                                                      ;
+----------------+-------+-----------------------------------------------------------+
; N              ; 9     ; Signed Integer                                            ;
+----------------+-------+-----------------------------------------------------------+
Note: In order to hide this table in the UI and the text report file, please set the "Show Parameter Settings in Synthesis Report" option in "Analysis and Synthesis Settings -> More Settings" to "Off".


+------------------------------------------------------------------------------------+
; Parameter Settings for User Entity Instance: controladorVGA:DUT|comparatorV:comp_v ;
+----------------+-------+-----------------------------------------------------------+
; Parameter Name ; Value ; Type                                                      ;
+----------------+-------+-----------------------------------------------------------+
; N              ; 9     ; Signed Integer                                            ;
+----------------+-------+-----------------------------------------------------------+
Note: In order to hide this table in the UI and the text report file, please set the "Show Parameter Settings in Synthesis Report" option in "Analysis and Synthesis Settings -> More Settings" to "Off".


+-------------------------------------------------------------------------------------------------+
; Parameter Settings for User Entity Instance: controladorVGA:DUT|comparator_display:comp_display ;
+----------------+-------+------------------------------------------------------------------------+
; Parameter Name ; Value ; Type                                                                   ;
+----------------+-------+------------------------------------------------------------------------+
; N              ; 9     ; Signed Integer                                                         ;
+----------------+-------+------------------------------------------------------------------------+
Note: In order to hide this table in the UI and the text report file, please set the "Show Parameter Settings in Synthesis Report" option in "Analysis and Synthesis Settings -> More Settings" to "Off".


+---------------------------------------------------------------------------------------------------------------------------+
; Analysis & Elaboration Settings                                                                                           ;
+---------------------------------------------------------------------------------+--------------------+--------------------+
; Option                                                                          ; Setting            ; Default Value      ;
+---------------------------------------------------------------------------------+--------------------+--------------------+
; Device                                                                          ; 5CSEMA5F31C6       ;                    ;
; Top-level entity name                                                           ; controladorVGA_tb  ; ControladorVGA     ;
; Family name                                                                     ; Cyclone V          ; Cyclone V          ;
; Use smart compilation                                                           ; Off                ; Off                ;
; Enable parallel Assembler and Timing Analyzer during compilation                ; On                 ; On                 ;
; Enable compact report table                                                     ; Off                ; Off                ;
; Restructure Multiplexers                                                        ; Auto               ; Auto               ;
; MLAB Add Timing Constraints For Mixed-Port Feed-Through Mode Setting Don't Care ; Off                ; Off                ;
; Create Debugging Nodes for IP Cores                                             ; Off                ; Off                ;
; Preserve fewer node names                                                       ; On                 ; On                 ;
; Intel FPGA IP Evaluation Mode                                                   ; Enable             ; Enable             ;
; Verilog Version                                                                 ; Verilog_2001       ; Verilog_2001       ;
; VHDL Version                                                                    ; VHDL_1993          ; VHDL_1993          ;
; State Machine Processing                                                        ; Auto               ; Auto               ;
; Safe State Machine                                                              ; Off                ; Off                ;
; Extract Verilog State Machines                                                  ; On                 ; On                 ;
; Extract VHDL State Machines                                                     ; On                 ; On                 ;
; Ignore Verilog initial constructs                                               ; Off                ; Off                ;
; Iteration limit for constant Verilog loops                                      ; 5000               ; 5000               ;
; Iteration limit for non-constant Verilog loops                                  ; 250                ; 250                ;
; Add Pass-Through Logic to Inferred RAMs                                         ; On                 ; On                 ;
; Infer RAMs from Raw Logic                                                       ; On                 ; On                 ;
; Parallel Synthesis                                                              ; On                 ; On                 ;
; DSP Block Balancing                                                             ; Auto               ; Auto               ;
; NOT Gate Push-Back                                                              ; On                 ; On                 ;
; Power-Up Don't Care                                                             ; On                 ; On                 ;
; Remove Redundant Logic Cells                                                    ; Off                ; Off                ;
; Remove Duplicate Registers                                                      ; On                 ; On                 ;
; Ignore CARRY Buffers                                                            ; Off                ; Off                ;
; Ignore CASCADE Buffers                                                          ; Off                ; Off                ;
; Ignore GLOBAL Buffers                                                           ; Off                ; Off                ;
; Ignore ROW GLOBAL Buffers                                                       ; Off                ; Off                ;
; Ignore LCELL Buffers                                                            ; Off                ; Off                ;
; Ignore SOFT Buffers                                                             ; On                 ; On                 ;
; Limit AHDL Integers to 32 Bits                                                  ; Off                ; Off                ;
; Optimization Technique                                                          ; Balanced           ; Balanced           ;
; Carry Chain Length                                                              ; 70                 ; 70                 ;
; Auto Carry Chains                                                               ; On                 ; On                 ;
; Auto Open-Drain Pins                                                            ; On                 ; On                 ;
; Perform WYSIWYG Primitive Resynthesis                                           ; Off                ; Off                ;
; Auto ROM Replacement                                                            ; On                 ; On                 ;
; Auto RAM Replacement                                                            ; On                 ; On                 ;
; Auto DSP Block Replacement                                                      ; On                 ; On                 ;
; Auto Shift Register Replacement                                                 ; Auto               ; Auto               ;
; Allow Shift Register Merging across Hierarchies                                 ; Auto               ; Auto               ;
; Auto Clock Enable Replacement                                                   ; On                 ; On                 ;
; Strict RAM Replacement                                                          ; Off                ; Off                ;
; Allow Synchronous Control Signals                                               ; On                 ; On                 ;
; Force Use of Synchronous Clear Signals                                          ; Off                ; Off                ;
; Auto Resource Sharing                                                           ; Off                ; Off                ;
; Allow Any RAM Size For Recognition                                              ; Off                ; Off                ;
; Allow Any ROM Size For Recognition                                              ; Off                ; Off                ;
; Allow Any Shift Register Size For Recognition                                   ; Off                ; Off                ;
; Use LogicLock Constraints during Resource Balancing                             ; On                 ; On                 ;
; Ignore translate_off and synthesis_off directives                               ; Off                ; Off                ;
; Timing-Driven Synthesis                                                         ; On                 ; On                 ;
; Report Parameter Settings                                                       ; On                 ; On                 ;
; Report Source Assignments                                                       ; On                 ; On                 ;
; Report Connectivity Checks                                                      ; On                 ; On                 ;
; Ignore Maximum Fan-Out Assignments                                              ; Off                ; Off                ;
; Synchronization Register Chain Length                                           ; 3                  ; 3                  ;
; Power Optimization During Synthesis                                             ; Normal compilation ; Normal compilation ;
; HDL message level                                                               ; Level2             ; Level2             ;
; Suppress Register Optimization Related Messages                                 ; Off                ; Off                ;
; Number of Removed Registers Reported in Synthesis Report                        ; 5000               ; 5000               ;
; Number of Swept Nodes Reported in Synthesis Report                              ; 5000               ; 5000               ;
; Number of Inverted Registers Reported in Synthesis Report                       ; 100                ; 100                ;
; Clock MUX Protection                                                            ; On                 ; On                 ;
; Auto Gated Clock Conversion                                                     ; Off                ; Off                ;
; Block Design Naming                                                             ; Auto               ; Auto               ;
; SDC constraint protection                                                       ; Off                ; Off                ;
; Synthesis Effort                                                                ; Auto               ; Auto               ;
; Shift Register Replacement - Allow Asynchronous Clear Signal                    ; On                 ; On                 ;
; Pre-Mapping Resynthesis Optimization                                            ; Off                ; Off                ;
; Analysis & Synthesis Message Level                                              ; Medium             ; Medium             ;
; Disable Register Merging Across Hierarchies                                     ; Auto               ; Auto               ;
; Resource Aware Inference For Block RAM                                          ; On                 ; On                 ;
; Automatic Parallel Synthesis                                                    ; On                 ; On                 ;
; Partial Reconfiguration Bitstream ID                                            ; Off                ; Off                ;
+---------------------------------------------------------------------------------+--------------------+--------------------+


+-------------------------------------------------------------------+
; Port Connectivity Checks: "controladorVGA:DUT|mux_color:muxColor" ;
+-------+-------+----------+----------------------------------------+
; Port  ; Type  ; Severity ; Details                                ;
+-------+-------+----------+----------------------------------------+
; blank ; Input ; Info     ; Stuck at GND                           ;
; color ; Input ; Info     ; Stuck at VCC                           ;
+-------+-------+----------+----------------------------------------+


+----------------------------------------------------------------------------------------------------------------------------------------------------------+
; Port Connectivity Checks: "controladorVGA:DUT|counterV:cont_v"                                                                                           ;
+-------+--------+----------+------------------------------------------------------------------------------------------------------------------------------+
; Port  ; Type   ; Severity ; Details                                                                                                                      ;
+-------+--------+----------+------------------------------------------------------------------------------------------------------------------------------+
; count ; Output ; Warning  ; Output or bidir port (16 bits) is wider than the port expression (10 bits) it drives; bit(s) "count[15..10]" have no fanouts ;
+-------+--------+----------+------------------------------------------------------------------------------------------------------------------------------+


+----------------------------------------------------------------------------------------------------------------------------------------------------------+
; Port Connectivity Checks: "controladorVGA:DUT|counterH:cont_h"                                                                                           ;
+-------+--------+----------+------------------------------------------------------------------------------------------------------------------------------+
; Port  ; Type   ; Severity ; Details                                                                                                                      ;
+-------+--------+----------+------------------------------------------------------------------------------------------------------------------------------+
; count ; Output ; Warning  ; Output or bidir port (16 bits) is wider than the port expression (10 bits) it drives; bit(s) "count[15..10]" have no fanouts ;
+-------+--------+----------+------------------------------------------------------------------------------------------------------------------------------+


+-----------------------------------------------------------------------------------------------------------------------------------------------------------------------------------------------------------------+
; Port Connectivity Checks: "controladorVGA:DUT"                                                                                                                                                                  ;
+-------------------+--------+----------+-------------------------------------------------------------------------------------------------------------------------------------------------------------------------+
; Port              ; Type   ; Severity ; Details                                                                                                                                                                 ;
+-------------------+--------+----------+-------------------------------------------------------------------------------------------------------------------------------------------------------------------------+
; v_enable          ; Output ; Info     ; Connected to dangling logic. Logic that only feeds a dangling port will be removed.                                                                                     ;
; clk               ; Input  ; Info     ; Stuck at VCC                                                                                                                                                            ;
; horiz_count       ; Output ; Warning  ; Output or bidir port (10 bits) is smaller than the port expression (16 bits) it drives.  The 6 most-significant bit(s) in the port expression will be connected to GND. ;
; horiz_count[9..0] ; Output ; Info     ; Connected to dangling logic. Logic that only feeds a dangling port will be removed.                                                                                     ;
; vert_count        ; Output ; Warning  ; Output or bidir port (10 bits) is smaller than the port expression (16 bits) it drives.  The 6 most-significant bit(s) in the port expression will be connected to GND. ;
; vert_count[9..0]  ; Output ; Info     ; Connected to dangling logic. Logic that only feeds a dangling port will be removed.                                                                                     ;
; R                 ; Output ; Info     ; Connected to dangling logic. Logic that only feeds a dangling port will be removed.                                                                                     ;
; G                 ; Output ; Info     ; Connected to dangling logic. Logic that only feeds a dangling port will be removed.                                                                                     ;
; B                 ; Output ; Info     ; Connected to dangling logic. Logic that only feeds a dangling port will be removed.                                                                                     ;
; horiz_sync        ; Output ; Info     ; Connected to dangling logic. Logic that only feeds a dangling port will be removed.                                                                                     ;
; vert_sync         ; Output ; Info     ; Connected to dangling logic. Logic that only feeds a dangling port will be removed.                                                                                     ;
; clkVGA            ; Output ; Info     ; Connected to dangling logic. Logic that only feeds a dangling port will be removed.                                                                                     ;
; display           ; Output ; Warning  ; Output or bidir port (9 bits) is wider than the port expression (1 bits) it drives; bit(s) "display[8..1]" have no fanouts                                              ;
; display           ; Output ; Info     ; Connected to dangling logic. Logic that only feeds a dangling port will be removed.                                                                                     ;
+-------------------+--------+----------+-------------------------------------------------------------------------------------------------------------------------------------------------------------------------+


+---------------------------------+
; Analysis & Elaboration Messages ;
+---------------------------------+
Info: *******************************************************************
Info: Running Quartus Prime Analysis & Elaboration
    Info: Version 18.1.0 Build 625 09/12/2018 SJ Lite Edition
    Info: Processing started: Fri Oct 11 00:04:53 2019
Info: Command: quartus_map --read_settings_files=on --write_settings_files=off ControladorVGA -c ControladorVGA --analysis_and_elaboration
Warning (18236): Number of processors has not been specified which may cause overloading on shared machines.  Set the global assignment NUM_PARALLEL_PROCESSORS in your QSF to an appropriate value for best performance.
Info (20030): Parallel compilation is enabled and will use 4 of the 4 processors detected
Warning (10229): Verilog HDL Expression warning at ControladorVGA.sv(16): truncated literal to match 3 bits File: C:/intelFPGA_lite/18.1/ControladorVGA/ControladorVGA.sv Line: 16
Warning (10229): Verilog HDL Expression warning at ControladorVGA.sv(17): truncated literal to match 3 bits File: C:/intelFPGA_lite/18.1/ControladorVGA/ControladorVGA.sv Line: 17
Warning (10229): Verilog HDL Expression warning at ControladorVGA.sv(18): truncated literal to match 3 bits File: C:/intelFPGA_lite/18.1/ControladorVGA/ControladorVGA.sv Line: 18
Info (12021): Found 1 design units, including 1 entities, in source file controladorvga.sv
    Info (12023): Found entity 1: controladorVGA File: C:/intelFPGA_lite/18.1/ControladorVGA/ControladorVGA.sv Line: 1
Info (12021): Found 1 design units, including 1 entities, in source file clockdivider.sv
    Info (12023): Found entity 1: clockDivider File: C:/intelFPGA_lite/18.1/ControladorVGA/clockDivider.sv Line: 1
Info (12021): Found 1 design units, including 1 entities, in source file clockdivider_tb.sv
    Info (12023): Found entity 1: clockDivider_tb File: C:/intelFPGA_lite/18.1/ControladorVGA/clockDivider_tb.sv Line: 1
Info (12021): Found 1 design units, including 1 entities, in source file counter_tb.sv
    Info (12023): Found entity 1: counter_tb File: C:/intelFPGA_lite/18.1/ControladorVGA/counter_tb.sv Line: 1
Info (12021): Found 1 design units, including 1 entities, in source file counterh.sv
    Info (12023): Found entity 1: counterH File: C:/intelFPGA_lite/18.1/ControladorVGA/counterH.sv Line: 1
Info (12021): Found 1 design units, including 1 entities, in source file counterv.sv
    Info (12023): Found entity 1: counterV File: C:/intelFPGA_lite/18.1/ControladorVGA/counterV.sv Line: 1
Info (12021): Found 1 design units, including 1 entities, in source file mux_color.sv
    Info (12023): Found entity 1: mux_color File: C:/intelFPGA_lite/18.1/ControladorVGA/mux_color.sv Line: 1
Info (12021): Found 1 design units, including 1 entities, in source file comparator_display.sv
    Info (12023): Found entity 1: comparator_display File: C:/intelFPGA_lite/18.1/ControladorVGA/comparator_display.sv Line: 1
Info (12021): Found 1 design units, including 1 entities, in source file controladorvga_tb.sv
    Info (12023): Found entity 1: controladorVGA_tb File: C:/intelFPGA_lite/18.1/ControladorVGA/controladorVGA_tb.sv Line: 2
Info (12021): Found 1 design units, including 1 entities, in source file comparatorh.sv
    Info (12023): Found entity 1: comparatorH File: C:/intelFPGA_lite/18.1/ControladorVGA/comparatorH.sv Line: 1
Info (12021): Found 1 design units, including 1 entities, in source file comparatorv.sv
    Info (12023): Found entity 1: comparatorV File: C:/intelFPGA_lite/18.1/ControladorVGA/comparatorV.sv Line: 1
Info (12021): Found 1 design units, including 1 entities, in source file comparator_tb.sv
    Info (12023): Found entity 1: comparator_tb File: C:/intelFPGA_lite/18.1/ControladorVGA/comparator_tb.sv Line: 1
Info (12127): Elaborating entity "controladorVGA_tb" for the top level hierarchy
Info (12128): Elaborating entity "controladorVGA" for hierarchy "controladorVGA:DUT" File: C:/intelFPGA_lite/18.1/ControladorVGA/controladorVGA_tb.sv Line: 10
Info (12128): Elaborating entity "clockDivider" for hierarchy "controladorVGA:DUT|clockDivider:clkDIV" File: C:/intelFPGA_lite/18.1/ControladorVGA/ControladorVGA.sv Line: 21
Info (12128): Elaborating entity "counterH" for hierarchy "controladorVGA:DUT|counterH:cont_h" File: C:/intelFPGA_lite/18.1/ControladorVGA/ControladorVGA.sv Line: 24
Info (12128): Elaborating entity "counterV" for hierarchy "controladorVGA:DUT|counterV:cont_v" File: C:/intelFPGA_lite/18.1/ControladorVGA/ControladorVGA.sv Line: 25
Info (12128): Elaborating entity "comparatorH" for hierarchy "controladorVGA:DUT|comparatorH:comp_h" File: C:/intelFPGA_lite/18.1/ControladorVGA/ControladorVGA.sv Line: 28
Info (12128): Elaborating entity "comparatorV" for hierarchy "controladorVGA:DUT|comparatorV:comp_v" File: C:/intelFPGA_lite/18.1/ControladorVGA/ControladorVGA.sv Line: 29
Info (12128): Elaborating entity "comparator_display" for hierarchy "controladorVGA:DUT|comparator_display:comp_display" File: C:/intelFPGA_lite/18.1/ControladorVGA/ControladorVGA.sv Line: 30
Info (12128): Elaborating entity "mux_color" for hierarchy "controladorVGA:DUT|mux_color:muxColor" File: C:/intelFPGA_lite/18.1/ControladorVGA/ControladorVGA.sv Line: 33
Warning (12241): 3 hierarchies have connectivity warnings - see the Connectivity Checks report folder
Info: Quartus Prime Analysis & Elaboration was successful. 0 errors, 5 warnings
    Info: Peak virtual memory: 4775 megabytes
    Info: Processing ended: Fri Oct 11 00:05:03 2019
    Info: Elapsed time: 00:00:10
    Info: Total CPU time (on all processors): 00:00:20


